<?xml version="1.0" encoding="UTF-8"?>
<testsuite name="com.galvanize.DogTest" tests="1" skipped="0" failures="0" errors="0" timestamp="2023-01-24T15:17:35" hostname="Js-MacBook-Air.lan" time="0.006">
  <properties/>
  <testcase name="testDogSpeak()" classname="com.galvanize.DogTest" time="0.006"/>
  <system-out><![CDATA[]]></system-out>
  <system-err><![CDATA[]]></system-err>
</testsuite>
